# JRE version: OpenJDK Runtime Environment (8.0_202) (build 1.8.0_202-release-1483-b49-5587405)
# Java VM: OpenJDK 64-Bit Server VM (25.202-b49-5587405 mixed mode linux-amd64 compressed oops)
Heap:
 PSYoungGen      total 252928K, used 28662K [0x00000000e0000000, 0x00000000f2700000, 0x0000000100000000)
  eden space 224256K, 0% used [0x00000000e0000000,0x00000000e0000000,0x00000000edb00000)
  from space 28672K, 99% used [0x00000000f0b00000,0x00000000f26fdb38,0x00000000f2700000)
  to   space 25088K, 0% used [0x00000000edb00000,0x00000000edb00000,0x00000000ef380000)
 ParOldGen       total 90112K, used 89145K [0x00000000a0000000, 0x00000000a5800000, 0x00000000e0000000)
  object space 90112K, 98% used [0x00000000a0000000,0x00000000a570e440,0x00000000a5800000)
 Metaspace       used 79191K, capacity 82084K, committed 82264K, reserved 1120256K
  class space    used 10209K, capacity 10829K, committed 10880K, reserved 1048576K
GC Heap History (10 events):
Event: 60,474 GC heap after
Heap after GC invocations=16 (full 3):
 PSYoungGen      total 169984K, used 0K [0x00000000e0000000, 0x00000000ee100000, 0x0000000100000000)
  eden space 155136K, 0% used [0x00000000e0000000,0x00000000e0000000,0x00000000e9780000)
  from space 14848K, 0% used [0x00000000e9780000,0x00000000e9780000,0x00000000ea600000)
  to   space 14848K, 0% used [0x00000000ed280000,0x00000000ed280000,0x00000000ee100000)
 ParOldGen       total 85504K, used 34761K [0x00000000a0000000, 0x00000000a5380000, 0x00000000e0000000)
  object space 85504K, 40% used [0x00000000a0000000,0x00000000a21f24f0,0x00000000a5380000)
 Metaspace       used 57478K, capacity 58924K, committed 59028K, reserved 1099776K
  class space    used 7755K, capacity 8117K, committed 8192K, reserved 1048576K
}
Event: 489,038 GC heap before
{Heap before GC invocations=17 (full 3):
 PSYoungGen      total 169984K, used 155136K [0x00000000e0000000, 0x00000000ee100000, 0x0000000100000000)
  eden space 155136K, 100% used [0x00000000e0000000,0x00000000e9780000,0x00000000e9780000)
  from space 14848K, 0% used [0x00000000e9780000,0x00000000e9780000,0x00000000ea600000)
  to   space 14848K, 0% used [0x00000000ed280000,0x00000000ed280000,0x00000000ee100000)
 ParOldGen       total 85504K, used 34761K [0x00000000a0000000, 0x00000000a5380000, 0x00000000e0000000)
  object space 85504K, 40% used [0x00000000a0000000,0x00000000a21f24f0,0x00000000a5380000)
 Metaspace       used 64453K, capacity 66210K, committed 66520K, reserved 1107968K
  class space    used 8462K, capacity 8879K, committed 8960K, reserved 1048576K
Event: 489,120 GC heap after
Heap after GC invocations=17 (full 3):
 PSYoungGen      total 202752K, used 14836K [0x00000000e0000000, 0x00000000ee100000, 0x0000000100000000)
  eden space 187904K, 0% used [0x00000000e0000000,0x00000000e0000000,0x00000000eb780000)
  from space 14848K, 99% used [0x00000000ed280000,0x00000000ee0fd378,0x00000000ee100000)
  to   space 16896K, 0% used [0x00000000ec000000,0x00000000ec000000,0x00000000ed080000)
 ParOldGen       total 85504K, used 35567K [0x00000000a0000000, 0x00000000a5380000, 0x00000000e0000000)
  object space 85504K, 41% used [0x00000000a0000000,0x00000000a22bbd78,0x00000000a5380000)
 Metaspace       used 64453K, capacity 66210K, committed 66520K, reserved 1107968K
  class space    used 8462K, capacity 8879K, committed 8960K, reserved 1048576K
}
Event: 504,733 GC heap before
{Heap before GC invocations=18 (full 3):
 PSYoungGen      total 202752K, used 198478K [0x00000000e0000000, 0x00000000ee100000, 0x0000000100000000)
  eden space 187904K, 97% used [0x00000000e0000000,0x00000000eb356790,0x00000000eb780000)
  from space 14848K, 99% used [0x00000000ed280000,0x00000000ee0fd378,0x00000000ee100000)
  to   space 16896K, 0% used [0x00000000ec000000,0x00000000ec000000,0x00000000ed080000)
 ParOldGen       total 85504K, used 35567K [0x00000000a0000000, 0x00000000a5380000, 0x00000000e0000000)
  object space 85504K, 41% used [0x00000000a0000000,0x00000000a22bbd78,0x00000000a5380000)
 Metaspace       used 73810K, capacity 76248K, committed 76504K, reserved 1116160K
  class space    used 9578K, capacity 10141K, committed 10240K, reserved 1048576K
Event: 504,869 GC heap after
Heap after GC invocations=18 (full 3):
 PSYoungGen      total 213504K, used 16874K [0x00000000e0000000, 0x00000000f0c00000, 0x0000000100000000)
  eden space 196608K, 0% used [0x00000000e0000000,0x00000000e0000000,0x00000000ec000000)
  from space 16896K, 99% used [0x00000000ec000000,0x00000000ed07a890,0x00000000ed080000)
  to   space 25088K, 0% used [0x00000000ef380000,0x00000000ef380000,0x00000000f0c00000)
 ParOldGen       total 85504K, used 50744K [0x00000000a0000000, 0x00000000a5380000, 0x00000000e0000000)
  object space 85504K, 59% used [0x00000000a0000000,0x00000000a318e168,0x00000000a5380000)
 Metaspace       used 73810K, capacity 76248K, committed 76504K, reserved 1116160K
  class space    used 9578K, capacity 10141K, committed 10240K, reserved 1048576K
}
Event: 517,516 GC heap before
{Heap before GC invocations=19 (full 3):
 PSYoungGen      total 213504K, used 213482K [0x00000000e0000000, 0x00000000f0c00000, 0x0000000100000000)
  eden space 196608K, 100% used [0x00000000e0000000,0x00000000ec000000,0x00000000ec000000)
  from space 16896K, 99% used [0x00000000ec000000,0x00000000ed07a890,0x00000000ed080000)
  to   space 25088K, 0% used [0x00000000ef380000,0x00000000ef380000,0x00000000f0c00000)
 ParOldGen       total 85504K, used 50744K [0x00000000a0000000, 0x00000000a5380000, 0x00000000e0000000)
  object space 85504K, 59% used [0x00000000a0000000,0x00000000a318e168,0x00000000a5380000)
 Metaspace       used 76108K, capacity 78670K, committed 78808K, reserved 1118208K
  class space    used 9856K, capacity 10416K, committed 10496K, reserved 1048576K
Event: 517,563 GC heap after
Heap after GC invocations=19 (full 3):
 PSYoungGen      total 249344K, used 2475K [0x00000000e0000000, 0x00000000f1100000, 0x0000000100000000)
  eden space 224256K, 0% used [0x00000000e0000000,0x00000000e0000000,0x00000000edb00000)
  from space 25088K, 9% used [0x00000000ef380000,0x00000000ef5eae80,0x00000000f0c00000)
  to   space 25088K, 0% used [0x00000000edb00000,0x00000000edb00000,0x00000000ef380000)
 ParOldGen       total 85504K, used 56798K [0x00000000a0000000, 0x00000000a5380000, 0x00000000e0000000)
  object space 85504K, 66% used [0x00000000a0000000,0x00000000a3777a18,0x00000000a5380000)
 Metaspace       used 76108K, capacity 78670K, committed 78808K, reserved 1118208K
  class space    used 9856K, capacity 10416K, committed 10496K, reserved 1048576K
}
Event: 859,826 GC heap before
{Heap before GC invocations=20 (full 3):
 PSYoungGen      total 249344K, used 226725K [0x00000000e0000000, 0x00000000f1100000, 0x0000000100000000)
  eden space 224256K, 99% used [0x00000000e0000000,0x00000000edafe660,0x00000000edb00000)
  from space 25088K, 9% used [0x00000000ef380000,0x00000000ef5eae80,0x00000000f0c00000)
  to   space 25088K, 0% used [0x00000000edb00000,0x00000000edb00000,0x00000000ef380000)
 ParOldGen       total 85504K, used 56798K [0x00000000a0000000, 0x00000000a5380000, 0x00000000e0000000)
  object space 85504K, 66% used [0x00000000a0000000,0x00000000a3777a18,0x00000000a5380000)
 Metaspace       used 78628K, capacity 81498K, committed 81752K, reserved 1120256K
  class space    used 10187K, capacity 10788K, committed 10880K, reserved 1048576K
Event: 859,957 GC heap after
Heap after GC invocations=20 (full 3):
 PSYoungGen      total 249344K, used 24122K [0x00000000e0000000, 0x00000000f2700000, 0x0000000100000000)
  eden space 224256K, 0% used [0x00000000e0000000,0x00000000e0000000,0x00000000edb00000)
  from space 25088K, 96% used [0x00000000edb00000,0x00000000ef28e820,0x00000000ef380000)
  to   space 28672K, 0% used [0x00000000f0b00000,0x00000000f0b00000,0x00000000f2700000)
 ParOldGen       total 85504K, used 61473K [0x00000000a0000000, 0x00000000a5380000, 0x00000000e0000000)
  object space 85504K, 71% used [0x00000000a0000000,0x00000000a3c08538,0x00000000a5380000)
 Metaspace       used 78628K, capacity 81498K, committed 81752K, reserved 1120256K
  class space    used 10187K, capacity 10788K, committed 10880K, reserved 1048576K
}
Event: 869,896 GC heap before
{Heap before GC invocations=21 (full 3):
 PSYoungGen      total 249344K, used 248378K [0x00000000e0000000, 0x00000000f2700000, 0x0000000100000000)
  eden space 224256K, 100% used [0x00000000e0000000,0x00000000edb00000,0x00000000edb00000)
  from space 25088K, 96% used [0x00000000edb00000,0x00000000ef28e820,0x00000000ef380000)
  to   space 28672K, 0% used [0x00000000f0b00000,0x00000000f0b00000,0x00000000f2700000)
 ParOldGen       total 85504K, used 61473K [0x00000000a0000000, 0x00000000a5380000, 0x00000000e0000000)
  object space 85504K, 71% used [0x00000000a0000000,0x00000000a3c08538,0x00000000a5380000)
 Metaspace       used 79191K, capacity 82084K, committed 82264K, reserved 1120256K
  class space    used 10209K, capacity 10829K, committed 10880K, reserved 1048576K

